<?xml version="1.0" encoding="UTF-8"?>
<robot generator="Robot 6.1.1 (Python 3.11.2 on darwin)" generated="20241114 13:59:13.982" rpa="false" schemaversion="4">
<suite id="s1" name="Tests" source="/Users/erikstandard/Desktop/ohtu_palautukset_24/viikko3/hello-robot copy/src/tests">
<suite id="s1-s1" name="Increase Counter" source="/Users/erikstandard/Desktop/ohtu_palautukset_24/viikko3/hello-robot copy/src/tests/increase_counter.robot">
<test id="s1-s1-t1" name="Increase Counter Once" line="5">
<kw name="Counter Value Should Be" library="CounterLibrary">
<arg>0</arg>
<status status="PASS" starttime="20241114 13:59:13.991" endtime="20241114 13:59:13.991"/>
</kw>
<kw name="Increase Counter" library="CounterLibrary">
<status status="PASS" starttime="20241114 13:59:13.991" endtime="20241114 13:59:13.991"/>
</kw>
<kw name="Counter Value Should Be" library="CounterLibrary">
<arg>1</arg>
<status status="PASS" starttime="20241114 13:59:13.991" endtime="20241114 13:59:13.991"/>
</kw>
<status status="PASS" starttime="20241114 13:59:13.991" endtime="20241114 13:59:13.991"/>
</test>
<test id="s1-s1-t2" name="Increase Counter Many Times" line="10">
<kw name="Counter Value Should Be" library="CounterLibrary">
<arg>0</arg>
<status status="PASS" starttime="20241114 13:59:13.992" endtime="20241114 13:59:13.992"/>
</kw>
<kw name="Increase Counter" library="CounterLibrary">
<status status="PASS" starttime="20241114 13:59:13.992" endtime="20241114 13:59:13.992"/>
</kw>
<kw name="Increase Counter" library="CounterLibrary">
<status status="PASS" starttime="20241114 13:59:13.992" endtime="20241114 13:59:13.992"/>
</kw>
<kw name="Increase Counter" library="CounterLibrary">
<status status="PASS" starttime="20241114 13:59:13.992" endtime="20241114 13:59:13.992"/>
</kw>
<kw name="Counter Value Should Be" library="CounterLibrary">
<arg>3</arg>
<status status="PASS" starttime="20241114 13:59:13.992" endtime="20241114 13:59:13.992"/>
</kw>
<status status="PASS" starttime="20241114 13:59:13.991" endtime="20241114 13:59:13.992"/>
</test>
<test id="s1-s1-t3" name="Increment Counter By Amount" line="17">
<kw name="Counter Value Should Be" library="CounterLibrary">
<arg>0</arg>
<status status="PASS" starttime="20241114 13:59:13.992" endtime="20241114 13:59:13.992"/>
</kw>
<kw name="Increment Counter By" library="CounterLibrary">
<arg>5</arg>
<status status="PASS" starttime="20241114 13:59:13.992" endtime="20241114 13:59:13.992"/>
</kw>
<kw name="Counter Value Should Be" library="CounterLibrary">
<arg>5</arg>
<status status="PASS" starttime="20241114 13:59:13.992" endtime="20241114 13:59:13.992"/>
</kw>
<status status="PASS" starttime="20241114 13:59:13.992" endtime="20241114 13:59:13.992"/>
</test>
<status status="PASS" starttime="20241114 13:59:13.989" endtime="20241114 13:59:13.992"/>
</suite>
<suite id="s1-s2" name="Reset Counter" source="/Users/erikstandard/Desktop/ohtu_palautukset_24/viikko3/hello-robot copy/src/tests/reset_counter.robot">
<test id="s1-s2-t1" name="Reset Counter After One Increment" line="5">
<kw name="Counter Value Should Be" library="CounterLibrary">
<arg>0</arg>
<status status="PASS" starttime="20241114 13:59:13.993" endtime="20241114 13:59:13.993"/>
</kw>
<kw name="Increase Counter" library="CounterLibrary">
<status status="PASS" starttime="20241114 13:59:13.993" endtime="20241114 13:59:13.993"/>
</kw>
<kw name="Counter Value Should Be" library="CounterLibrary">
<arg>1</arg>
<status status="PASS" starttime="20241114 13:59:13.993" endtime="20241114 13:59:13.993"/>
</kw>
<kw name="Reset Counter" library="CounterLibrary">
<status status="PASS" starttime="20241114 13:59:13.993" endtime="20241114 13:59:13.993"/>
</kw>
<kw name="Counter Value Should Be" library="CounterLibrary">
<arg>0</arg>
<status status="PASS" starttime="20241114 13:59:13.993" endtime="20241114 13:59:13.993"/>
</kw>
<status status="PASS" starttime="20241114 13:59:13.993" endtime="20241114 13:59:13.993"/>
</test>
<test id="s1-s2-t2" name="Reset Counter After Several Increments" line="12">
<kw name="Counter Value Should Be" library="CounterLibrary">
<arg>0</arg>
<status status="PASS" starttime="20241114 13:59:13.994" endtime="20241114 13:59:13.994"/>
</kw>
<kw name="Increment Counter By" library="CounterLibrary">
<arg>5</arg>
<status status="PASS" starttime="20241114 13:59:13.994" endtime="20241114 13:59:13.994"/>
</kw>
<kw name="Counter Value Should Be" library="CounterLibrary">
<arg>5</arg>
<status status="PASS" starttime="20241114 13:59:13.994" endtime="20241114 13:59:13.994"/>
</kw>
<kw name="Reset Counter" library="CounterLibrary">
<status status="PASS" starttime="20241114 13:59:13.994" endtime="20241114 13:59:13.994"/>
</kw>
<kw name="Counter Value Should Be" library="CounterLibrary">
<arg>0</arg>
<status status="PASS" starttime="20241114 13:59:13.994" endtime="20241114 13:59:13.994"/>
</kw>
<status status="PASS" starttime="20241114 13:59:13.993" endtime="20241114 13:59:13.994"/>
</test>
<status status="PASS" starttime="20241114 13:59:13.992" endtime="20241114 13:59:13.994"/>
</suite>
<status status="PASS" starttime="20241114 13:59:13.983" endtime="20241114 13:59:13.994"/>
</suite>
<statistics>
<total>
<stat pass="5" fail="0" skip="0">All Tests</stat>
</total>
<tag>
</tag>
<suite>
<stat pass="5" fail="0" skip="0" id="s1" name="Tests">Tests</stat>
<stat pass="3" fail="0" skip="0" id="s1-s1" name="Increase Counter">Tests.Increase Counter</stat>
<stat pass="2" fail="0" skip="0" id="s1-s2" name="Reset Counter">Tests.Reset Counter</stat>
</suite>
</statistics>
<errors>
</errors>
</robot>
