<?xml version="1.0" encoding="UTF-8"?>
<robot generator="Robot 6.1.1 (Python 3.11.2 on darwin)" generated="20241115 12:32:53.842" rpa="false" schemaversion="4">
<suite id="s1" name="Tests" source="/Users/erikstandard/Desktop/ohtu_palautukset_24/viikko3/web-login copy/src/tests">
<suite id="s1-s1" name="Home" source="/Users/erikstandard/Desktop/ohtu_palautukset_24/viikko3/web-login copy/src/tests/home.robot">
<kw name="Open And Configure Browser" library="resource" type="SETUP">
<if>
<branch type="IF" condition="$BROWSER == 'chrome'">
<kw name="Evaluate" library="BuiltIn">
<var>${options}</var>
<arg>sys.modules['selenium.webdriver'].ChromeOptions()</arg>
<arg>sys</arg>
<doc>Evaluates the given expression in Python and returns the result.</doc>
<msg timestamp="20241115 12:32:53.959" level="INFO">${options} = &lt;selenium.webdriver.chrome.options.Options object at 0x105057d10&gt;</msg>
<status status="PASS" starttime="20241115 12:32:53.959" endtime="20241115 12:32:53.959"/>
</kw>
<status status="PASS" starttime="20241115 12:32:53.958" endtime="20241115 12:32:53.959"/>
</branch>
<branch type="ELSE IF" condition="$BROWSER == 'firefox'">
<kw name="Evaluate" library="BuiltIn">
<var>${options}</var>
<arg>sys.modules['selenium.webdriver'].FirefoxOptions()</arg>
<arg>sys</arg>
<doc>Evaluates the given expression in Python and returns the result.</doc>
<status status="NOT RUN" starttime="20241115 12:32:53.960" endtime="20241115 12:32:53.960"/>
</kw>
<status status="NOT RUN" starttime="20241115 12:32:53.959" endtime="20241115 12:32:53.960"/>
</branch>
<status status="PASS" starttime="20241115 12:32:53.958" endtime="20241115 12:32:53.960"/>
</if>
<if>
<branch type="IF" condition="$HEADLESS == 'true'">
<kw name="Set Selenium Speed" library="SeleniumLibrary">
<arg>0</arg>
<doc>Sets the delay that is waited after each Selenium command.</doc>
<status status="NOT RUN" starttime="20241115 12:32:53.960" endtime="20241115 12:32:53.960"/>
</kw>
<kw name="Call Method" library="BuiltIn">
<arg>${options}</arg>
<arg>add_argument</arg>
<arg>--headless</arg>
<doc>Calls the named method of the given object with the provided arguments.</doc>
<status status="NOT RUN" starttime="20241115 12:32:53.960" endtime="20241115 12:32:53.960"/>
</kw>
<status status="NOT RUN" starttime="20241115 12:32:53.960" endtime="20241115 12:32:53.960"/>
</branch>
<branch type="ELSE">
<kw name="Set Selenium Speed" library="SeleniumLibrary">
<arg>${DELAY}</arg>
<doc>Sets the delay that is waited after each Selenium command.</doc>
<status status="PASS" starttime="20241115 12:32:53.960" endtime="20241115 12:32:53.960"/>
</kw>
<status status="PASS" starttime="20241115 12:32:53.960" endtime="20241115 12:32:53.960"/>
</branch>
<status status="PASS" starttime="20241115 12:32:53.960" endtime="20241115 12:32:53.960"/>
</if>
<kw name="Open Browser" library="SeleniumLibrary">
<arg>browser=${BROWSER}</arg>
<arg>options=${options}</arg>
<doc>Opens a new browser instance to the optional ``url``.</doc>
<msg timestamp="20241115 12:32:53.960" level="INFO">Opening browser 'chrome' to base url 'None'.</msg>
<msg timestamp="20241115 12:32:54.167" level="WARN">The chromedriver version (130.0.6723.116) detected in PATH at /usr/local/bin/chromedriver/chromedriver might not be compatible with the detected chrome version (131.0.6778.70); currently, chromedriver 131.0.6778.69 is recommended for chrome 131.*, so it is advised to delete the driver in PATH and retry</msg>
<status status="PASS" starttime="20241115 12:32:53.960" endtime="20241115 12:32:55.286"/>
</kw>
<status status="PASS" starttime="20241115 12:32:53.958" endtime="20241115 12:32:55.286"/>
</kw>
<test id="s1-s1-t1" name="Click Login Link" line="8">
<kw name="Reset Application And Go To Starting Page" type="SETUP">
<kw name="Reset Application" library="AppLibrary">
<status status="PASS" starttime="20241115 12:32:55.287" endtime="20241115 12:32:55.297"/>
</kw>
<kw name="Go To Starting Page">
<kw name="Go To" library="SeleniumLibrary">
<arg>${HOME_URL}</arg>
<doc>Navigates the current browser window to the provided ``url``.</doc>
<msg timestamp="20241115 12:32:55.297" level="INFO">Opening url 'http://localhost:5001'</msg>
<status status="PASS" starttime="20241115 12:32:55.297" endtime="20241115 12:32:55.854"/>
</kw>
<status status="PASS" starttime="20241115 12:32:55.297" endtime="20241115 12:32:55.854"/>
</kw>
<status status="PASS" starttime="20241115 12:32:55.287" endtime="20241115 12:32:55.854"/>
</kw>
<kw name="Click Link" library="SeleniumLibrary">
<arg>Login</arg>
<doc>Clicks a link identified by ``locator``.</doc>
<msg timestamp="20241115 12:32:55.855" level="INFO">Clicking link 'Login'.</msg>
<status status="PASS" starttime="20241115 12:32:55.854" endtime="20241115 12:32:57.466"/>
</kw>
<kw name="Login Page Should Be Open" library="resource">
<kw name="Title Should Be" library="SeleniumLibrary">
<arg>Login</arg>
<doc>Verifies that the current page title equals ``title``.</doc>
<msg timestamp="20241115 12:32:57.979" level="INFO">Page title is 'Login'.</msg>
<status status="PASS" starttime="20241115 12:32:57.468" endtime="20241115 12:32:57.979"/>
</kw>
<status status="PASS" starttime="20241115 12:32:57.467" endtime="20241115 12:32:57.979"/>
</kw>
<kw name="Go To" library="SeleniumLibrary">
<arg>${HOME_URL}</arg>
<doc>Navigates the current browser window to the provided ``url``.</doc>
<msg timestamp="20241115 12:32:57.980" level="INFO">Opening url 'http://localhost:5001'</msg>
<status status="PASS" starttime="20241115 12:32:57.980" endtime="20241115 12:32:58.511"/>
</kw>
<status status="PASS" starttime="20241115 12:32:55.286" endtime="20241115 12:32:58.512"/>
</test>
<test id="s1-s1-t2" name="Click Register Link" line="13">
<kw name="Reset Application And Go To Starting Page" type="SETUP">
<kw name="Reset Application" library="AppLibrary">
<status status="PASS" starttime="20241115 12:32:58.513" endtime="20241115 12:32:58.516"/>
</kw>
<kw name="Go To Starting Page">
<kw name="Go To" library="SeleniumLibrary">
<arg>${HOME_URL}</arg>
<doc>Navigates the current browser window to the provided ``url``.</doc>
<msg timestamp="20241115 12:32:58.516" level="INFO">Opening url 'http://localhost:5001'</msg>
<status status="PASS" starttime="20241115 12:32:58.516" endtime="20241115 12:32:59.032"/>
</kw>
<status status="PASS" starttime="20241115 12:32:58.516" endtime="20241115 12:32:59.033"/>
</kw>
<status status="PASS" starttime="20241115 12:32:58.512" endtime="20241115 12:32:59.033"/>
</kw>
<kw name="Click Link" library="SeleniumLibrary">
<arg>Register new user</arg>
<doc>Clicks a link identified by ``locator``.</doc>
<msg timestamp="20241115 12:32:59.035" level="INFO">Clicking link 'Register new user'.</msg>
<status status="PASS" starttime="20241115 12:32:59.033" endtime="20241115 12:33:00.654"/>
</kw>
<kw name="Register Page Should Be Open">
<kw name="Page Should Contain" library="SeleniumLibrary">
<arg>Register</arg>
<doc>Verifies that current page contains ``text``.</doc>
<msg timestamp="20241115 12:33:01.683" level="INFO">Current page contains text 'Register'.</msg>
<status status="PASS" starttime="20241115 12:33:00.654" endtime="20241115 12:33:01.683"/>
</kw>
<status status="PASS" starttime="20241115 12:33:00.654" endtime="20241115 12:33:01.683"/>
</kw>
<status status="PASS" starttime="20241115 12:32:58.512" endtime="20241115 12:33:01.684"/>
</test>
<kw name="Close Browser" library="SeleniumLibrary" type="TEARDOWN">
<doc>Closes the current browser.</doc>
<status status="PASS" starttime="20241115 12:33:01.685" endtime="20241115 12:33:02.250"/>
</kw>
<status status="PASS" starttime="20241115 12:32:53.849" endtime="20241115 12:33:02.250"/>
</suite>
<suite id="s1-s2" name="Login" source="/Users/erikstandard/Desktop/ohtu_palautukset_24/viikko3/web-login copy/src/tests/login.robot">
<kw name="Open And Configure Browser" library="resource" type="SETUP">
<if>
<branch type="IF" condition="$BROWSER == 'chrome'">
<kw name="Evaluate" library="BuiltIn">
<var>${options}</var>
<arg>sys.modules['selenium.webdriver'].ChromeOptions()</arg>
<arg>sys</arg>
<doc>Evaluates the given expression in Python and returns the result.</doc>
<msg timestamp="20241115 12:33:02.258" level="INFO">${options} = &lt;selenium.webdriver.chrome.options.Options object at 0x10517a450&gt;</msg>
<status status="PASS" starttime="20241115 12:33:02.258" endtime="20241115 12:33:02.259"/>
</kw>
<status status="PASS" starttime="20241115 12:33:02.257" endtime="20241115 12:33:02.259"/>
</branch>
<branch type="ELSE IF" condition="$BROWSER == 'firefox'">
<kw name="Evaluate" library="BuiltIn">
<var>${options}</var>
<arg>sys.modules['selenium.webdriver'].FirefoxOptions()</arg>
<arg>sys</arg>
<doc>Evaluates the given expression in Python and returns the result.</doc>
<status status="NOT RUN" starttime="20241115 12:33:02.259" endtime="20241115 12:33:02.259"/>
</kw>
<status status="NOT RUN" starttime="20241115 12:33:02.259" endtime="20241115 12:33:02.259"/>
</branch>
<status status="PASS" starttime="20241115 12:33:02.257" endtime="20241115 12:33:02.259"/>
</if>
<if>
<branch type="IF" condition="$HEADLESS == 'true'">
<kw name="Set Selenium Speed" library="SeleniumLibrary">
<arg>0</arg>
<doc>Sets the delay that is waited after each Selenium command.</doc>
<status status="NOT RUN" starttime="20241115 12:33:02.259" endtime="20241115 12:33:02.259"/>
</kw>
<kw name="Call Method" library="BuiltIn">
<arg>${options}</arg>
<arg>add_argument</arg>
<arg>--headless</arg>
<doc>Calls the named method of the given object with the provided arguments.</doc>
<status status="NOT RUN" starttime="20241115 12:33:02.259" endtime="20241115 12:33:02.259"/>
</kw>
<status status="NOT RUN" starttime="20241115 12:33:02.259" endtime="20241115 12:33:02.259"/>
</branch>
<branch type="ELSE">
<kw name="Set Selenium Speed" library="SeleniumLibrary">
<arg>${DELAY}</arg>
<doc>Sets the delay that is waited after each Selenium command.</doc>
<status status="PASS" starttime="20241115 12:33:02.259" endtime="20241115 12:33:02.260"/>
</kw>
<status status="PASS" starttime="20241115 12:33:02.259" endtime="20241115 12:33:02.260"/>
</branch>
<status status="PASS" starttime="20241115 12:33:02.259" endtime="20241115 12:33:02.260"/>
</if>
<kw name="Open Browser" library="SeleniumLibrary">
<arg>browser=${BROWSER}</arg>
<arg>options=${options}</arg>
<doc>Opens a new browser instance to the optional ``url``.</doc>
<msg timestamp="20241115 12:33:02.260" level="INFO">Opening browser 'chrome' to base url 'None'.</msg>
<msg timestamp="20241115 12:33:02.407" level="WARN">The chromedriver version (130.0.6723.116) detected in PATH at /usr/local/bin/chromedriver/chromedriver might not be compatible with the detected chrome version (131.0.6778.70); currently, chromedriver 131.0.6778.69 is recommended for chrome 131.*, so it is advised to delete the driver in PATH and retry</msg>
<status status="PASS" starttime="20241115 12:33:02.260" endtime="20241115 12:33:02.993"/>
</kw>
<status status="PASS" starttime="20241115 12:33:02.257" endtime="20241115 12:33:02.993"/>
</kw>
<test id="s1-s2-t1" name="Login With Correct Credentials" line="8">
<kw name="Reset Application Create User And Go To Login Page" type="SETUP">
<kw name="Reset Application" library="AppLibrary">
<status status="PASS" starttime="20241115 12:33:02.994" endtime="20241115 12:33:02.997"/>
</kw>
<kw name="Create User" library="AppLibrary">
<arg>kalle</arg>
<arg>kalle123</arg>
<status status="PASS" starttime="20241115 12:33:02.997" endtime="20241115 12:33:03.001"/>
</kw>
<kw name="Go To Login Page" library="resource">
<kw name="Go To" library="SeleniumLibrary">
<arg>${LOGIN_URL}</arg>
<doc>Navigates the current browser window to the provided ``url``.</doc>
<msg timestamp="20241115 12:33:03.001" level="INFO">Opening url 'http://localhost:5001/login'</msg>
<status status="PASS" starttime="20241115 12:33:03.001" endtime="20241115 12:33:03.546"/>
</kw>
<status status="PASS" starttime="20241115 12:33:03.001" endtime="20241115 12:33:03.546"/>
</kw>
<status status="PASS" starttime="20241115 12:33:02.994" endtime="20241115 12:33:03.546"/>
</kw>
<kw name="Set Username">
<arg>kalle</arg>
<kw name="Input Text" library="SeleniumLibrary">
<arg>username</arg>
<arg>${username}</arg>
<doc>Types the given ``text`` into the text field identified by ``locator``.</doc>
<msg timestamp="20241115 12:33:03.548" level="INFO">Typing text 'kalle' into text field 'username'.</msg>
<status status="PASS" starttime="20241115 12:33:03.547" endtime="20241115 12:33:05.237"/>
</kw>
<status status="PASS" starttime="20241115 12:33:03.547" endtime="20241115 12:33:05.237"/>
</kw>
<kw name="Set Password">
<arg>kalle123</arg>
<kw name="Input Password" library="SeleniumLibrary">
<arg>password</arg>
<arg>${password}</arg>
<doc>Types the given password into the text field identified by ``locator``.</doc>
<msg timestamp="20241115 12:33:05.238" level="INFO">Typing password into text field 'password'.</msg>
<msg timestamp="20241115 12:33:06.264" level="INFO">Temporally setting log level to: NONE</msg>
<msg timestamp="20241115 12:33:06.798" level="INFO">Log level changed from NONE to INFO.</msg>
<status status="PASS" starttime="20241115 12:33:05.237" endtime="20241115 12:33:06.798"/>
</kw>
<status status="PASS" starttime="20241115 12:33:05.237" endtime="20241115 12:33:06.798"/>
</kw>
<kw name="Submit Credentials">
<kw name="Click Button" library="SeleniumLibrary">
<arg>Login</arg>
<doc>Clicks the button identified by ``locator``.</doc>
<msg timestamp="20241115 12:33:06.799" level="INFO">Clicking button 'Login'.</msg>
<status status="PASS" starttime="20241115 12:33:06.799" endtime="20241115 12:33:08.885"/>
</kw>
<status status="PASS" starttime="20241115 12:33:06.799" endtime="20241115 12:33:08.886"/>
</kw>
<kw name="Login Should Succeed">
<kw name="Main Page Should Be Open" library="resource">
<kw name="Title Should Be" library="SeleniumLibrary">
<arg>Ohtu Application main page</arg>
<doc>Verifies that the current page title equals ``title``.</doc>
<msg timestamp="20241115 12:33:09.394" level="INFO">Page title is 'Ohtu Application main page'.</msg>
<status status="PASS" starttime="20241115 12:33:08.886" endtime="20241115 12:33:09.394"/>
</kw>
<status status="PASS" starttime="20241115 12:33:08.886" endtime="20241115 12:33:09.394"/>
</kw>
<status status="PASS" starttime="20241115 12:33:08.886" endtime="20241115 12:33:09.394"/>
</kw>
<status status="PASS" starttime="20241115 12:33:02.993" endtime="20241115 12:33:09.394"/>
</test>
<test id="s1-s2-t2" name="Login With Incorrect Password" line="14">
<kw name="Reset Application Create User And Go To Login Page" type="SETUP">
<kw name="Reset Application" library="AppLibrary">
<status status="PASS" starttime="20241115 12:33:09.395" endtime="20241115 12:33:09.400"/>
</kw>
<kw name="Create User" library="AppLibrary">
<arg>kalle</arg>
<arg>kalle123</arg>
<status status="PASS" starttime="20241115 12:33:09.400" endtime="20241115 12:33:09.406"/>
</kw>
<kw name="Go To Login Page" library="resource">
<kw name="Go To" library="SeleniumLibrary">
<arg>${LOGIN_URL}</arg>
<doc>Navigates the current browser window to the provided ``url``.</doc>
<msg timestamp="20241115 12:33:09.406" level="INFO">Opening url 'http://localhost:5001/login'</msg>
<status status="PASS" starttime="20241115 12:33:09.406" endtime="20241115 12:33:09.921"/>
</kw>
<status status="PASS" starttime="20241115 12:33:09.406" endtime="20241115 12:33:09.921"/>
</kw>
<status status="PASS" starttime="20241115 12:33:09.395" endtime="20241115 12:33:09.921"/>
</kw>
<kw name="Set Username">
<arg>kalle</arg>
<kw name="Input Text" library="SeleniumLibrary">
<arg>username</arg>
<arg>${username}</arg>
<doc>Types the given ``text`` into the text field identified by ``locator``.</doc>
<msg timestamp="20241115 12:33:09.923" level="INFO">Typing text 'kalle' into text field 'username'.</msg>
<status status="PASS" starttime="20241115 12:33:09.922" endtime="20241115 12:33:11.494"/>
</kw>
<status status="PASS" starttime="20241115 12:33:09.921" endtime="20241115 12:33:11.494"/>
</kw>
<kw name="Set Password">
<arg>kalle456</arg>
<kw name="Input Password" library="SeleniumLibrary">
<arg>password</arg>
<arg>${password}</arg>
<doc>Types the given password into the text field identified by ``locator``.</doc>
<msg timestamp="20241115 12:33:11.495" level="INFO">Typing password into text field 'password'.</msg>
<msg timestamp="20241115 12:33:12.522" level="INFO">Temporally setting log level to: NONE</msg>
<msg timestamp="20241115 12:33:13.054" level="INFO">Log level changed from NONE to INFO.</msg>
<status status="PASS" starttime="20241115 12:33:11.495" endtime="20241115 12:33:13.054"/>
</kw>
<status status="PASS" starttime="20241115 12:33:11.494" endtime="20241115 12:33:13.054"/>
</kw>
<kw name="Submit Credentials">
<kw name="Click Button" library="SeleniumLibrary">
<arg>Login</arg>
<doc>Clicks the button identified by ``locator``.</doc>
<msg timestamp="20241115 12:33:13.055" level="INFO">Clicking button 'Login'.</msg>
<status status="PASS" starttime="20241115 12:33:13.055" endtime="20241115 12:33:15.112"/>
</kw>
<status status="PASS" starttime="20241115 12:33:13.055" endtime="20241115 12:33:15.113"/>
</kw>
<kw name="Login Should Fail With Message">
<arg>Invalid username or password</arg>
<kw name="Login Page Should Be Open" library="resource">
<kw name="Title Should Be" library="SeleniumLibrary">
<arg>Login</arg>
<doc>Verifies that the current page title equals ``title``.</doc>
<msg timestamp="20241115 12:33:15.624" level="INFO">Page title is 'Login'.</msg>
<status status="PASS" starttime="20241115 12:33:15.115" endtime="20241115 12:33:15.624"/>
</kw>
<status status="PASS" starttime="20241115 12:33:15.114" endtime="20241115 12:33:15.624"/>
</kw>
<kw name="Page Should Contain" library="SeleniumLibrary">
<arg>${message}</arg>
<doc>Verifies that current page contains ``text``.</doc>
<msg timestamp="20241115 12:33:16.651" level="INFO">Current page contains text 'Invalid username or password'.</msg>
<status status="PASS" starttime="20241115 12:33:15.624" endtime="20241115 12:33:16.652"/>
</kw>
<status status="PASS" starttime="20241115 12:33:15.113" endtime="20241115 12:33:16.652"/>
</kw>
<status status="PASS" starttime="20241115 12:33:09.395" endtime="20241115 12:33:16.653"/>
</test>
<kw name="Close Browser" library="SeleniumLibrary" type="TEARDOWN">
<doc>Closes the current browser.</doc>
<status status="PASS" starttime="20241115 12:33:16.654" endtime="20241115 12:33:17.221"/>
</kw>
<status status="PASS" starttime="20241115 12:33:02.252" endtime="20241115 12:33:17.221"/>
</suite>
<status status="PASS" starttime="20241115 12:32:53.842" endtime="20241115 12:33:17.223"/>
</suite>
<statistics>
<total>
<stat pass="4" fail="0" skip="0">All Tests</stat>
</total>
<tag>
</tag>
<suite>
<stat pass="4" fail="0" skip="0" id="s1" name="Tests">Tests</stat>
<stat pass="2" fail="0" skip="0" id="s1-s1" name="Home">Tests.Home</stat>
<stat pass="2" fail="0" skip="0" id="s1-s2" name="Login">Tests.Login</stat>
</suite>
</statistics>
<errors>
<msg timestamp="20241115 12:32:54.167" level="WARN">The chromedriver version (130.0.6723.116) detected in PATH at /usr/local/bin/chromedriver/chromedriver might not be compatible with the detected chrome version (131.0.6778.70); currently, chromedriver 131.0.6778.69 is recommended for chrome 131.*, so it is advised to delete the driver in PATH and retry</msg>
<msg timestamp="20241115 12:33:02.407" level="WARN">The chromedriver version (130.0.6723.116) detected in PATH at /usr/local/bin/chromedriver/chromedriver might not be compatible with the detected chrome version (131.0.6778.70); currently, chromedriver 131.0.6778.69 is recommended for chrome 131.*, so it is advised to delete the driver in PATH and retry</msg>
</errors>
</robot>
